/System/Library/Extensions/AppleIntelGMAX3100FB.kext/AppleIntelGMAX3100FB:
Contents of (__TEXT,__cstring) section
00011d38	31 2e 35 00 44 48 4c 56 00 00 00 00 00 00 00 00 
00011d48	22 49 47 3a 20 49 6e 76 61 6c 69 64 20 62 61 63 
00011d58	6b 6c 69 67 68 74 20 64 75 74 79 20 63 79 63 6c 
00011d68	65 20 76 61 6c 75 65 22 40 2f 53 6f 75 72 63 65 
00011d78	43 61 63 68 65 2f 47 72 61 70 68 69 63 73 44 72 
00011d88	69 76 65 72 73 2f 47 72 61 70 68 69 63 73 44 72 
00011d98	69 76 65 72 73 2d 36 2e 33 36 2e 31 30 2f 43 6f 
00011da8	6d 6d 6f 6e 2f 49 4f 4e 44 52 56 2f 49 6e 74 65 
00011db8	6c 2f 49 6e 74 65 6c 49 6e 74 65 67 72 61 74 65 
00011dc8	64 46 72 61 6d 65 62 75 66 66 65 72 2f 49 6e 74 
00011dd8	65 6c 47 4d 41 58 33 31 30 30 46 42 2e 63 70 70 
00011de8	3a 37 31 38 39 00 00 00 74 69 6d 65 6f 75 74 20 
00011df8	77 61 69 74 69 6e 67 20 66 6f 72 20 47 4d 42 55 
00011e08	53 20 67 6d 53 74 61 74 75 73 3d 30 78 25 78 0a 
00011e18	00 00 00 00 41 41 50 4c 30 31 2c 44 75 61 6c 4c 
00011e28	69 6e 6b 00 41 41 50 4c 30 31 2c 54 30 00 00 00 
00011e38	41 41 50 4c 30 31 2c 54 31 00 00 00 41 41 50 4c 
00011e48	30 31 2c 54 32 00 00 00 41 41 50 4c 30 31 2c 54 
00011e58	33 00 00 00 41 41 50 4c 30 31 2c 54 34 00 00 00 
00011e68	41 41 50 4c 30 31 2c 54 35 00 00 00 41 41 50 4c 
00011e78	30 31 2c 54 36 00 00 00 41 41 50 4c 30 31 2c 54 
00011e88	37 00 00 00 41 41 50 4c 30 31 2c 50 69 78 65 6c 
00011e98	46 6f 72 6d 61 74 00 00 41 41 50 4c 30 31 2c 49 
00011ea8	6e 76 65 72 74 65 72 46 72 65 71 75 65 6e 63 79 
00011eb8	00 00 00 00 49 47 3a 20 49 6e 76 61 6c 69 64 20 
00011ec8	66 69 72 6d 77 61 72 65 20 6d 61 78 20 62 61 63 
00011ed8	6b 6c 69 67 68 74 20 73 65 74 74 69 6e 67 0a 00 
00011ee8	41 41 50 4c 30 31 2c 42 61 63 6b 6c 69 67 68 74 
00011ef8	49 6e 74 65 6e 73 69 74 79 00 00 00 49 47 3a 20 
00011f08	49 6e 76 61 6c 69 64 20 66 69 72 6d 77 61 72 65 
00011f18	20 62 61 63 6b 6c 69 67 68 74 20 6c 65 76 65 6c 
00011f28	20 73 65 74 74 69 6e 67 0a 00 00 00 22 49 47 3a 
00011f38	20 49 6e 76 61 6c 69 64 20 62 61 63 6b 6c 69 67 
00011f48	68 74 20 64 75 74 79 20 63 79 63 6c 65 20 76 61 
00011f58	6c 75 65 20 73 65 74 20 62 79 20 45 46 49 22 40 
00011f68	2f 53 6f 75 72 63 65 43 61 63 68 65 2f 47 72 61 
00011f78	70 68 69 63 73 44 72 69 76 65 72 73 2f 47 72 61 
00011f88	70 68 69 63 73 44 72 69 76 65 72 73 2d 36 2e 33 
00011f98	36 2e 31 30 2f 43 6f 6d 6d 6f 6e 2f 49 4f 4e 44 
00011fa8	52 56 2f 49 6e 74 65 6c 2f 49 6e 74 65 6c 49 6e 
00011fb8	74 65 67 72 61 74 65 64 46 72 61 6d 65 62 75 66 
00011fc8	66 65 72 2f 49 6e 74 65 6c 47 4d 41 58 33 31 30 
00011fd8	30 46 42 2e 63 70 70 3a 35 30 36 37 00 00 00 00 
00011fe8	49 4f 46 42 44 65 74 61 69 6c 65 64 54 69 6d 69 
00011ff8	6e 67 73 00 73 61 76 65 64 2d 74 69 6d 69 6e 67 
00012008	30 00 00 00 73 61 76 65 64 2d 74 69 6d 69 6e 67 
00012018	31 00 00 00 73 61 76 65 64 2d 63 6f 6e 66 69 67 
00012028	00 00 00 00 21 66 53 79 73 74 65 6d 4d 65 6d 6f 
00012038	72 79 0a 00 68 77 2e 63 61 63 68 65 6c 69 6e 65 
00012048	73 69 7a 65 00 00 00 00 21 66 53 79 73 74 65 6d 
00012058	43 6f 6e 74 69 67 4d 65 6d 6f 72 79 0a 00 00 00 
00012068	5f 44 53 53 00 00 00 00 49 4f 46 42 43 6f 6e 66 
00012078	69 67 00 00 44 48 53 50 00 00 00 00 41 41 50 4c 
00012088	30 30 2c 6f 76 65 72 72 69 64 65 2d 6e 6f 2d 63 
00012098	6f 6e 6e 65 63 74 00 00 41 41 50 4c 30 31 2c 6f 
000120a8	76 65 72 72 69 64 65 2d 6e 6f 2d 63 6f 6e 6e 65 
000120b8	63 74 00 00 41 41 50 4c 30 30 2c 6f 76 65 72 72 
000120c8	69 64 65 2d 68 61 73 2d 65 64 69 64 00 00 00 00 
000120d8	41 41 50 4c 30 31 2c 6f 76 65 72 72 69 64 65 2d 
000120e8	68 61 73 2d 65 64 69 64 00 00 00 00 41 41 50 4c 
000120f8	30 30 2c 6f 76 65 72 72 69 64 65 2d 6e 6f 2d 65 
00012108	64 69 64 00 41 41 50 4c 30 31 2c 6f 76 65 72 72 
00012118	69 64 65 2d 6e 6f 2d 65 64 69 64 00 41 41 50 4c 
00012128	30 30 2c 6f 76 65 72 72 69 64 65 2d 68 61 73 2d 
00012138	65 64 69 64 2d 64 69 67 69 74 61 6c 00 00 00 00 
00012148	41 41 50 4c 30 31 2c 6f 76 65 72 72 69 64 65 2d 
00012158	68 61 73 2d 65 64 69 64 2d 64 69 67 69 74 61 6c 
00012168	00 00 00 00 41 41 50 4c 30 30 2c 6e 6f 2d 68 6f 
00012178	74 70 6c 75 67 2d 73 75 70 70 6f 72 74 00 00 00 
00012188	41 41 50 4c 30 31 2c 6e 6f 2d 68 6f 74 70 6c 75 
00012198	67 2d 73 75 70 70 6f 72 74 00 00 00 49 4f 46 72 
000121a8	61 6d 65 62 75 66 66 65 72 00 00 00 21 66 43 75 
000121b8	72 73 6f 72 42 75 66 66 65 72 0a 00 49 4f 46 42 
000121c8	54 69 6d 69 6e 67 52 61 6e 67 65 00 49 4f 46 42 
000121d8	53 63 61 6c 65 72 49 6e 66 6f 00 00 49 4f 49 32 
000121e8	43 49 6e 74 65 72 66 61 63 65 49 44 00 00 00 00 
000121f8	49 4f 46 42 49 32 43 49 6e 74 65 72 66 61 63 65 
00012208	49 6e 66 6f 00 00 00 00 49 4f 46 42 50 72 6f 62 
00012218	65 4f 70 74 69 6f 6e 73 00 00 00 00 31 73 6d 00 
00012228	30 73 6d 00 74 76 69 6e 73 65 74 00 72 61 00 00 
00012238	67 73 72 69 00 00 00 00 41 70 70 6c 65 49 6e 74 
00012248	65 6c 46 72 61 6d 65 62 75 66 66 65 72 00 00 00 
00012258	41 70 70 6c 65 49 6e 74 65 6c 47 4d 41 58 33 31 
00012268	30 30 46 42 00 00 00 00 53 74 61 72 74 20 64 75 
00012278	6d 70 20 68 77 50 72 69 6e 74 52 65 67 73 0a 00 
00012288	43 48 45 43 4b 49 4e 47 20 6b 50 47 54 42 4c 5f 
00012298	43 54 4c 20 74 6f 20 25 23 78 0a 00 43 48 45 43 
000122a8	4b 49 4e 47 20 6b 49 45 52 20 74 6f 20 25 23 78 
000122b8	0a 00 00 00 43 48 45 43 4b 49 4e 47 20 6b 49 49 
000122c8	52 20 74 6f 20 25 23 78 0a 00 00 00 43 48 45 43 
000122d8	4b 49 4e 47 20 6b 49 4d 52 20 74 6f 20 25 23 78 
000122e8	0a 00 00 00 43 48 45 43 4b 49 4e 47 20 6b 41 44 
000122f8	50 41 20 74 6f 20 25 23 78 0a 00 00 43 48 45 43 
00012308	4b 49 4e 47 20 6b 73 44 56 4f 5f 48 44 4d 49 42 
00012318	20 74 6f 20 25 23 78 0a 00 00 00 00 43 48 45 43 
00012328	4b 49 4e 47 20 6b 73 44 56 4f 5f 48 44 4d 49 43 
00012338	20 74 6f 20 25 23 78 0a 00 00 00 00 43 48 45 43 
00012348	4b 49 4e 47 20 6b 4c 56 44 53 20 74 6f 20 25 23 
00012358	78 0a 00 00 43 48 45 43 4b 49 4e 47 20 6b 56 47 
00012368	41 43 4e 54 52 4c 20 74 6f 20 25 23 78 0a 00 00 
00012378	43 48 45 43 4b 49 4e 47 20 6b 50 4f 52 54 5f 48 
00012388	4f 54 50 4c 55 47 5f 45 4e 20 74 6f 20 25 23 78 
00012398	0a 00 00 00 43 48 45 43 4b 49 4e 47 20 6b 50 46 
000123a8	49 54 5f 43 4f 4e 54 52 4f 4c 20 74 6f 20 25 23 
000123b8	78 0a 00 00 43 48 45 43 4b 49 4e 47 20 6b 50 46 
000123c8	49 54 5f 50 47 4d 5f 52 41 54 49 4f 53 20 74 6f 
000123d8	20 25 23 78 0a 00 00 00 43 48 45 43 4b 49 4e 47 
000123e8	20 6b 50 50 5f 43 4f 4e 54 52 4f 4c 20 74 6f 20 
000123f8	25 23 78 0a 00 00 00 00 43 48 45 43 4b 49 4e 47 
00012408	20 6b 50 50 5f 53 54 41 54 55 53 20 74 6f 20 25 
00012418	23 78 0a 00 43 48 45 43 4b 49 4e 47 20 6b 50 50 
00012428	5f 4f 4e 5f 44 45 4c 41 59 53 20 74 6f 20 25 23 
00012438	78 0a 00 00 43 48 45 43 4b 49 4e 47 20 6b 50 50 
00012448	5f 4f 46 46 5f 44 45 4c 41 59 53 20 74 6f 20 25 
00012458	23 78 0a 00 43 48 45 43 4b 49 4e 47 20 6b 50 50 
00012468	5f 44 49 56 49 53 4f 52 20 74 6f 20 25 23 78 0a 
00012478	00 00 00 00 43 48 45 43 4b 49 4e 47 20 6b 48 54 
00012488	4f 54 41 4c 5f 42 20 74 6f 20 25 23 78 0a 00 00 
00012498	43 48 45 43 4b 49 4e 47 20 6b 48 42 4c 41 4e 4b 
000124a8	5f 42 20 74 6f 20 25 23 78 0a 00 00 43 48 45 43 
000124b8	4b 49 4e 47 20 6b 48 53 59 4e 43 5f 42 20 74 6f 
000124c8	20 25 23 78 0a 00 00 00 43 48 45 43 4b 49 4e 47 
000124d8	20 6b 56 54 4f 54 41 4c 5f 42 20 74 6f 20 25 23 
000124e8	78 0a 00 00 43 48 45 43 4b 49 4e 47 20 6b 56 42 
000124f8	4c 41 4e 4b 5f 42 20 74 6f 20 25 23 78 0a 00 00 
00012508	43 48 45 43 4b 49 4e 47 20 6b 56 53 59 4e 43 5f 
00012518	42 20 74 6f 20 25 23 78 0a 00 00 00 43 48 45 43 
00012528	4b 49 4e 47 20 6b 50 49 50 45 42 53 52 43 20 74 
00012538	6f 20 25 23 78 0a 00 00 43 48 45 43 4b 49 4e 47 
00012548	20 6b 50 49 50 45 42 43 4f 4e 46 20 74 6f 20 25 
00012558	23 78 0a 00 43 48 45 43 4b 49 4e 47 20 6b 42 43 
00012568	4c 52 50 41 54 5f 42 20 74 6f 20 25 23 78 0a 00 
00012578	43 48 45 43 4b 49 4e 47 20 6b 44 53 50 42 43 4e 
00012588	54 52 20 74 6f 20 25 23 78 0a 00 00 43 48 45 43 
00012598	4b 49 4e 47 20 6b 44 53 50 42 53 54 52 49 44 45 
000125a8	20 74 6f 20 25 23 78 0a 00 00 00 00 43 48 45 43 
000125b8	4b 49 4e 47 20 6b 44 53 50 42 4c 49 4e 4f 46 46 
000125c8	53 45 54 20 74 6f 20 25 23 78 0a 00 43 48 45 43 
000125d8	4b 49 4e 47 20 6b 44 53 50 42 53 55 52 46 20 74 
000125e8	6f 20 25 23 78 0a 00 00 43 48 45 43 4b 49 4e 47 
000125f8	20 6b 44 53 50 42 54 49 4c 45 4f 46 46 20 74 6f 
00012608	20 25 23 78 0a 00 00 00 43 48 45 43 4b 49 4e 47 
00012618	20 6b 44 50 4c 4c 42 4d 44 20 74 6f 20 25 23 78 
00012628	0a 00 00 00 43 48 45 43 4b 49 4e 47 20 6b 44 50 
00012638	4c 4c 42 5f 43 54 52 4c 20 74 6f 20 25 23 78 0a 
00012648	00 00 00 00 43 48 45 43 4b 49 4e 47 20 6b 46 50 
00012658	42 30 20 74 6f 20 25 23 78 0a 00 00 43 48 45 43 
00012668	4b 49 4e 47 20 6b 46 50 42 31 20 74 6f 20 25 23 
00012678	78 0a 00 00 43 48 45 43 4b 49 4e 47 20 6b 43 55 
00012688	52 42 43 4e 54 52 20 74 6f 20 25 23 78 0a 00 00 
00012698	43 48 45 43 4b 49 4e 47 20 6b 43 55 52 42 42 41 
000126a8	53 45 20 74 6f 20 25 23 78 0a 00 00 43 48 45 43 
000126b8	4b 49 4e 47 20 6b 43 55 52 42 50 4f 53 20 74 6f 
000126c8	20 25 23 78 0a 00 00 00 43 48 45 43 4b 49 4e 47 
000126d8	20 6b 48 54 4f 54 41 4c 5f 41 20 74 6f 20 25 23 
000126e8	78 0a 00 00 43 48 45 43 4b 49 4e 47 20 6b 48 42 
000126f8	4c 41 4e 4b 5f 41 20 74 6f 20 25 23 78 0a 00 00 
00012708	43 48 45 43 4b 49 4e 47 20 6b 48 53 59 4e 43 5f 
00012718	41 20 74 6f 20 25 23 78 0a 00 00 00 43 48 45 43 
00012728	4b 49 4e 47 20 6b 56 54 4f 54 41 4c 5f 41 20 74 
00012738	6f 20 25 23 78 0a 00 00 43 48 45 43 4b 49 4e 47 
00012748	20 6b 56 42 4c 41 4e 4b 5f 41 20 74 6f 20 25 23 
00012758	78 0a 00 00 43 48 45 43 4b 49 4e 47 20 6b 56 53 
00012768	59 4e 43 5f 41 20 74 6f 20 25 23 78 0a 00 00 00 
00012778	43 48 45 43 4b 49 4e 47 20 6b 50 49 50 45 41 53 
00012788	52 43 20 74 6f 20 25 23 78 0a 00 00 43 48 45 43 
00012798	4b 49 4e 47 20 6b 50 49 50 45 41 43 4f 4e 46 20 
000127a8	74 6f 20 25 23 78 0a 00 43 48 45 43 4b 49 4e 47 
000127b8	20 6b 42 43 4c 52 50 41 54 5f 41 20 74 6f 20 25 
000127c8	23 78 0a 00 43 48 45 43 4b 49 4e 47 20 6b 44 53 
000127d8	50 41 43 4e 54 52 20 74 6f 20 25 23 78 0a 00 00 
000127e8	43 48 45 43 4b 49 4e 47 20 6b 44 53 50 41 53 54 
000127f8	52 49 44 45 20 74 6f 20 25 23 78 0a 00 00 00 00 
00012808	43 48 45 43 4b 49 4e 47 20 6b 44 53 50 41 4c 49 
00012818	4e 4f 46 46 20 74 6f 20 25 23 78 0a 00 00 00 00 
00012828	43 48 45 43 4b 49 4e 47 20 6b 44 53 50 41 53 55 
00012838	52 46 20 74 6f 20 25 23 78 0a 00 00 43 48 45 43 
00012848	4b 49 4e 47 20 6b 44 53 50 41 54 49 4c 45 4f 46 
00012858	46 20 74 6f 20 25 23 78 0a 00 00 00 43 48 45 43 
00012868	4b 49 4e 47 20 6b 44 50 4c 4c 41 4d 44 20 74 6f 
00012878	20 25 23 78 0a 00 00 00 43 48 45 43 4b 49 4e 47 
00012888	20 6b 44 50 4c 4c 41 5f 43 54 52 4c 20 74 6f 20 
00012898	25 23 78 0a 00 00 00 00 43 48 45 43 4b 49 4e 47 
000128a8	20 6b 46 50 41 30 20 74 6f 20 25 23 78 0a 00 00 
000128b8	43 48 45 43 4b 49 4e 47 20 6b 46 50 41 31 20 74 
000128c8	6f 20 25 23 78 0a 00 00 43 48 45 43 4b 49 4e 47 
000128d8	20 6b 43 55 52 41 43 4e 54 52 20 74 6f 20 25 23 
000128e8	78 0a 00 00 43 48 45 43 4b 49 4e 47 20 6b 43 55 
000128f8	52 41 42 41 53 45 20 74 6f 20 25 23 78 0a 00 00 
00012908	43 48 45 43 4b 49 4e 47 20 6b 43 55 52 41 50 4f 
00012918	53 20 74 6f 20 25 23 78 0a 00 00 00 43 48 45 43 
00012928	4b 49 4e 47 20 6b 54 56 5f 43 54 4c 20 74 6f 20 
00012938	25 23 78 0a 00 00 00 00 43 48 45 43 4b 49 4e 47 
00012948	20 6b 54 56 5f 44 41 43 20 74 6f 20 25 23 78 0a 
00012958	00 00 00 00 43 48 45 43 4b 49 4e 47 20 6b 54 56 
00012968	5f 43 4c 52 5f 4b 4e 4f 42 53 20 74 6f 20 25 23 
00012978	78 0a 00 00 43 48 45 43 4b 49 4e 47 20 6b 54 56 
00012988	5f 43 53 43 5f 59 20 74 6f 20 25 23 78 0a 00 00 
00012998	43 48 45 43 4b 49 4e 47 20 6b 54 56 5f 43 53 43 
000129a8	5f 59 32 20 74 6f 20 25 23 78 0a 00 43 48 45 43 
000129b8	4b 49 4e 47 20 6b 54 56 5f 43 53 43 5f 55 20 74 
000129c8	6f 20 25 23 78 0a 00 00 43 48 45 43 4b 49 4e 47 
000129d8	20 6b 54 56 5f 43 53 43 5f 55 32 20 74 6f 20 25 
000129e8	23 78 0a 00 43 48 45 43 4b 49 4e 47 20 6b 54 56 
000129f8	5f 43 53 43 5f 56 20 74 6f 20 25 23 78 0a 00 00 
00012a08	43 48 45 43 4b 49 4e 47 20 6b 54 56 5f 43 53 43 
00012a18	5f 56 32 20 74 6f 20 25 23 78 0a 00 43 48 45 43 
00012a28	4b 49 4e 47 20 6b 54 56 5f 43 4c 52 5f 4c 45 56 
00012a38	45 4c 20 74 6f 20 25 23 78 0a 00 00 43 48 45 43 
00012a48	4b 49 4e 47 20 6b 54 56 5f 48 5f 43 54 4c 5f 31 
00012a58	20 74 6f 20 25 23 78 0a 00 00 00 00 43 48 45 43 
00012a68	4b 49 4e 47 20 6b 54 56 5f 48 5f 43 54 4c 5f 32 
00012a78	20 74 6f 20 25 23 78 0a 00 00 00 00 43 48 45 43 
00012a88	4b 49 4e 47 20 6b 54 56 5f 48 5f 43 54 4c 5f 33 
00012a98	20 74 6f 20 25 23 78 0a 00 00 00 00 43 48 45 43 
00012aa8	4b 49 4e 47 20 6b 54 56 5f 56 5f 43 54 4c 5f 31 
00012ab8	20 74 6f 20 25 23 78 0a 00 00 00 00 43 48 45 43 
00012ac8	4b 49 4e 47 20 6b 54 56 5f 56 5f 43 54 4c 5f 32 
00012ad8	20 74 6f 20 25 23 78 0a 00 00 00 00 43 48 45 43 
00012ae8	4b 49 4e 47 20 6b 54 56 5f 56 5f 43 54 4c 5f 33 
00012af8	20 74 6f 20 25 23 78 0a 00 00 00 00 43 48 45 43 
00012b08	4b 49 4e 47 20 6b 54 56 5f 56 5f 43 54 4c 5f 34 
00012b18	20 74 6f 20 25 23 78 0a 00 00 00 00 43 48 45 43 
00012b28	4b 49 4e 47 20 6b 54 56 5f 56 5f 43 54 4c 5f 35 
00012b38	20 74 6f 20 25 23 78 0a 00 00 00 00 43 48 45 43 
00012b48	4b 49 4e 47 20 6b 54 56 5f 56 5f 43 54 4c 5f 36 
00012b58	20 74 6f 20 25 23 78 0a 00 00 00 00 43 48 45 43 
00012b68	4b 49 4e 47 20 6b 54 56 5f 56 5f 43 54 4c 5f 37 
00012b78	20 74 6f 20 25 23 78 0a 00 00 00 00 43 48 45 43 
00012b88	4b 49 4e 47 20 6b 54 56 5f 53 43 5f 43 54 4c 5f 
00012b98	31 20 74 6f 20 25 23 78 0a 00 00 00 43 48 45 43 
00012ba8	4b 49 4e 47 20 6b 54 56 5f 53 43 5f 43 54 4c 5f 
00012bb8	32 20 74 6f 20 25 23 78 0a 00 00 00 43 48 45 43 
00012bc8	4b 49 4e 47 20 6b 54 56 5f 53 43 5f 43 54 4c 5f 
00012bd8	33 20 74 6f 20 25 23 78 0a 00 00 00 43 48 45 43 
00012be8	4b 49 4e 47 20 6b 54 56 5f 57 49 4e 5f 50 4f 53 
00012bf8	20 74 6f 20 25 23 78 0a 00 00 00 00 43 48 45 43 
00012c08	4b 49 4e 47 20 6b 54 56 5f 57 49 4e 5f 53 49 5a 
00012c18	45 20 74 6f 20 25 23 78 0a 00 00 00 43 48 45 43 
00012c28	4b 49 4e 47 20 6b 54 56 5f 43 43 5f 43 54 4c 20 
00012c38	74 6f 20 25 23 78 0a 00 43 48 45 43 4b 49 4e 47 
00012c48	20 6b 54 56 5f 46 49 4c 54 45 52 5f 43 54 4c 5f 
00012c58	31 20 74 6f 20 25 23 78 0a 00 00 00 43 48 45 43 
00012c68	4b 49 4e 47 20 6b 54 56 5f 46 49 4c 54 45 52 5f 
00012c78	43 54 4c 5f 32 20 74 6f 20 25 23 78 0a 00 00 00 
00012c88	43 48 45 43 4b 49 4e 47 20 6b 54 56 5f 46 49 4c 
00012c98	54 45 52 5f 43 54 4c 5f 33 20 74 6f 20 25 23 78 
00012ca8	0a 00 00 00 45 6e 64 20 64 75 6d 70 20 68 77 50 
00012cb8	72 69 6e 74 52 65 67 73 0a 00 00 00 2d 2d 2d 2d 
00012cc8	2d 2d 2d 2d 52 52 52 52 52 52 52 52 47 47 47 47 
00012cd8	47 47 47 47 42 42 42 42 42 42 42 42 00 00 00 00 
00012ce8	45 49 52 20 3d 20 30 78 25 78 2c 20 45 4d 52 20 
00012cf8	3d 20 30 78 25 78 2c 20 45 53 52 20 3d 20 30 78 
00012d08	25 78 2c 20 49 53 52 20 3d 20 30 78 25 78 0a 00 
00012d18	45 53 52 20 69 6e 73 74 72 75 63 74 69 6f 6e 20 
00012d28	65 72 72 6f 72 0a 00 00 20 20 20 20 49 50 45 49 
00012d38	52 20 3d 20 30 78 25 78 2c 20 49 50 45 48 52 20 
00012d48	3d 20 30 78 25 78 2c 20 49 4e 53 54 44 4f 4e 45 
00012d58	20 3d 20 30 78 25 78 2c 20 49 4e 53 54 50 53 20 
00012d68	3d 20 30 78 25 78 2c 20 49 4e 53 54 50 4d 20 3d 
00012d78	20 30 78 25 30 38 78 2c 20 42 42 5f 41 44 44 52 
00012d88	20 3d 20 30 78 25 78 0a 00 00 00 00 70 61 72 73 
00012d98	65 72 20 65 72 72 6f 72 00 00 00 00 25 73 20 47 
00012da8	50 55 20 25 73 2e 20 45 49 52 20 25 23 78 20 45 
00012db8	53 52 20 25 23 78 20 49 6e 73 74 72 75 63 74 69 
00012dc8	6f 6e 20 45 72 72 6f 72 20 49 50 45 49 52 20 25 
00012dd8	23 78 20 49 50 45 48 52 20 25 23 78 20 42 42 41 
00012de8	44 44 52 20 25 23 78 20 49 4e 53 54 44 4f 4e 45 
00012df8	20 25 23 78 20 49 4e 53 54 50 53 20 25 23 78 20 
00012e08	49 4e 53 54 50 4d 20 25 23 78 00 00 45 53 52 20 
00012e18	70 61 67 65 20 74 61 62 6c 65 20 65 72 72 6f 72 
00012e28	0a 00 00 00 20 20 20 20 50 47 54 42 4c 5f 45 52 
00012e38	52 20 3d 20 30 78 25 78 2c 20 50 47 54 42 4c 5f 
00012e48	43 54 4c 20 3d 20 30 78 25 78 2c 20 50 47 54 42 
00012e58	4c 5f 43 54 4c 32 20 3d 20 30 78 25 78 0a 00 00 
00012e68	25 73 20 47 50 55 20 25 73 2e 20 45 49 52 20 25 
00012e78	23 78 20 45 53 52 20 25 23 78 20 50 61 67 65 20 
00012e88	54 61 62 6c 65 20 45 72 72 6f 72 20 50 47 54 42 
00012e98	4c 5f 45 52 52 20 25 23 78 20 50 47 54 42 4c 5f 
00012ea8	43 54 4c 20 25 23 78 20 50 47 54 42 4c 5f 43 54 
00012eb8	4c 32 20 25 23 78 00 00 25 73 20 47 50 55 20 25 
00012ec8	73 2e 20 45 49 52 20 25 23 78 20 45 53 52 20 25 
00012ed8	23 78 20 49 53 52 20 25 23 78 20 2d 20 75 6e 6b 
00012ee8	6e 6f 77 6e 20 74 79 70 65 00 00 00 25 73 20 47 
00012ef8	50 55 20 75 6e 65 78 70 65 63 74 65 64 20 64 65 
00012f08	62 75 67 20 62 72 65 61 6b 70 6f 69 6e 74 2e 20 
00012f18	49 53 52 20 25 23 78 00 49 47 3a 20 46 61 69 6c 
00012f28	65 64 20 74 6f 20 67 65 74 20 50 43 49 20 66 75 
00012f38	6e 63 74 69 6f 6e 20 6e 75 6d 62 65 72 0a 00 00 
00012f48	47 4d 41 20 58 33 31 30 30 00 00 00 49 47 3a 20 
00012f58	6d 61 70 44 65 76 69 63 65 4d 65 6d 6f 72 79 57 
00012f68	69 74 68 52 65 67 69 73 74 65 72 20 66 61 69 6c 
00012f78	65 64 0a 00 49 47 3a 20 67 65 74 44 65 76 69 63 
00012f88	65 4d 65 6d 6f 72 79 57 69 74 68 52 65 67 69 73 
00012f98	74 65 72 20 66 61 69 6c 65 64 0a 00 56 52 41 4d 
00012fa8	2c 74 6f 74 61 6c 73 69 7a 65 00 00 64 70 6d 00 
00012fb8	41 41 50 4c 2c 48 61 73 50 61 6e 65 6c 00 00 00 
00012fc8	41 41 50 4c 2c 48 61 73 4c 69 64 00 41 41 50 4c 
00012fd8	2c 4e 75 6d 46 72 61 6d 65 62 75 66 66 65 72 73 
00012fe8	00 00 00 00 49 47 3a 20 43 61 6e 27 74 20 63 72 
00012ff8	65 61 74 65 20 63 75 72 73 6f 72 20 6d 65 6d 6f 
00013008	72 79 0a 00 49 47 3a 20 43 61 6e 27 74 20 6d 61 
00013018	70 20 63 75 72 73 6f 72 20 6d 65 6d 6f 72 79 0a 
00013028	00 00 00 00 61 63 70 69 2d 70 61 74 68 00 00 00 
00013038	41 41 50 4c 2c 4e 75 6d 44 69 73 70 6c 61 79 73 
00013048	00 00 00 00 41 41 50 4c 2c 44 69 73 70 6c 61 79 
00013058	43 6f 6e 66 69 67 00 00 41 41 50 4c 30 30 2c 43 
00013068	75 72 72 65 6e 74 44 69 73 70 6c 61 79 00 00 00 
00013078	41 41 50 4c 30 30 2c 49 4f 44 69 73 70 6c 61 79 
00013088	4d 6f 64 65 00 00 00 00 41 41 50 4c 30 30 2c 50 
00013098	69 70 65 00 41 41 50 4c 30 30 2c 42 6f 6f 74 44 
000130a8	69 73 70 6c 61 79 00 00 41 41 50 4c 30 30 2c 44 
000130b8	65 70 74 68 00 00 00 00 41 41 50 4c 30 30 2c 57 
000130c8	69 64 74 68 00 00 00 00 41 41 50 4c 30 30 2c 48 
000130d8	65 69 67 68 74 00 00 00 41 41 50 4c 30 30 2c 49 
000130e8	6e 74 65 72 6c 61 63 65 00 00 00 00 41 41 50 4c 
000130f8	30 30 2c 52 65 66 72 65 73 68 00 00 74 69 6d 69 
00013108	6e 67 30 00 41 41 50 4c 30 31 2c 43 75 72 72 65 
00013118	6e 74 44 69 73 70 6c 61 79 00 00 00 41 41 50 4c 
00013128	30 31 2c 49 4f 44 69 73 70 6c 61 79 4d 6f 64 65 
00013138	00 00 00 00 41 41 50 4c 30 31 2c 50 69 70 65 00 
00013148	41 41 50 4c 30 31 2c 42 6f 6f 74 44 69 73 70 6c 
00013158	61 79 00 00 41 41 50 4c 30 31 2c 44 65 70 74 68 
00013168	00 00 00 00 41 41 50 4c 30 31 2c 57 69 64 74 68 
00013178	00 00 00 00 41 41 50 4c 30 31 2c 48 65 69 67 68 
00013188	74 00 00 00 41 41 50 4c 30 31 2c 49 6e 74 65 72 
00013198	6c 61 63 65 00 00 00 00 41 41 50 4c 30 31 2c 52 
000131a8	65 66 72 65 73 68 00 00 74 69 6d 69 6e 67 31 00 
000131b8	41 41 50 4c 30 30 2c 45 44 49 44 00 41 41 50 4c 
000131c8	30 31 2c 45 44 49 44 00 41 41 50 4c 30 30 2c 64 
000131d8	69 73 70 6c 61 79 2d 61 6c 69 61 73 00 00 00 00 
000131e8	41 41 50 4c 30 31 2c 64 69 73 70 6c 61 79 2d 61 
000131f8	6c 69 61 73 00 00 00 00 41 41 50 4c 2c 53 65 6c 
00013208	66 52 65 66 72 65 73 68 53 75 70 70 6f 72 74 65 
00013218	64 00 00 00 70 77 72 77 72 61 70 00 67 65 74 67 
00013228	70 75 6c 6f 61 64 00 00 72 69 68 00 67 65 74 53 
00013238	65 6e 73 6f 72 56 61 6c 75 65 00 00 41 41 50 4c 
00013248	2c 64 69 73 70 6c 61 79 2d 61 6c 69 61 73 00 00 
00013258	41 41 50 4c 2c 62 6f 6f 74 2d 64 69 73 70 6c 61 
00013268	79 00 00 00 49 4f 46 42 44 65 70 65 6e 64 65 6e 
00013278	74 49 44 00 49 4f 46 42 44 65 70 65 6e 64 65 6e 
00013288	74 49 6e 64 65 78 00 00 22 4d 75 6c 74 69 70 6c 
00013298	65 20 69 6e 68 65 72 69 74 61 6e 63 65 20 69 73 
000132a8	20 6e 6f 74 20 73 75 70 70 6f 72 74 65 64 22 40 
000132b8	2f 53 79 73 74 65 6d 2f 4c 69 62 72 61 72 79 2f 
000132c8	46 72 61 6d 65 77 6f 72 6b 73 2f 4b 65 72 6e 65 
000132d8	6c 2e 66 72 61 6d 65 77 6f 72 6b 2f 48 65 61 64 
000132e8	65 72 73 2f 6c 69 62 6b 65 72 6e 2f 63 2b 2b 2f 
000132f8	4f 53 4d 65 74 61 43 6c 61 73 73 2e 68 3a 33 32 
00013308	34 00 00 00 44 48 47 50 00 00 00 00 49 47 3a 20 
00013318	43 61 6e 27 74 20 69 6e 73 74 61 6c 6c 20 69 6e 
00013328	74 65 72 72 75 70 74 20 68 61 6e 64 6c 65 72 0a 
00013338	00 00 00 00 49 47 3a 20 43 61 6e 27 74 20 63 72 
00013348	65 61 74 65 20 46 42 43 4c 41 53 53 20 2d 20 6f 
00013358	75 74 20 6f 66 20 6d 65 6d 6f 72 79 0a 00 00 00 
00013368	41 41 50 4c 30 30 2c 49 67 6e 6f 72 65 43 6f 6e 
00013378	6e 65 63 74 69 6f 6e 00 41 41 50 4c 30 30 2c 6e 
00013388	6f 2d 68 6f 74 70 6c 75 67 2d 69 6e 74 65 72 72 
00013398	75 70 74 00 41 41 50 4c 30 31 2c 49 67 6e 6f 72 
000133a8	65 43 6f 6e 6e 65 63 74 69 6f 6e 00 41 41 50 4c 
000133b8	30 31 2c 6e 6f 2d 68 6f 74 70 6c 75 67 2d 69 6e 
000133c8	74 65 72 72 75 70 74 00 49 4f 46 42 47 61 6d 6d 
000133d8	61 57 69 64 74 68 00 00 49 4f 46 42 47 61 6d 6d 
000133e8	61 43 6f 75 6e 74 00 00 67 70 75 2d 73 65 6e 73 
000133f8	6f 72 00 00 6e 61 6d 65 00 00 00 00 64 65 76 69 
00013408	63 65 5f 74 79 70 65 00 47 50 55 00 6c 6f 63 61 
00013418	74 69 6f 6e 00 00 00 00 7a 6f 6e 65 00 00 00 00 
00013428	76 65 72 73 69 6f 6e 00 73 65 6e 73 6f 72 2d 69 
00013438	64 00 00 00 72 65 67 00 70 6f 6c 6c 69 6e 67 2d 
00013448	70 65 72 69 6f 64 00 00 22 49 47 20 64 72 69 76 
00013458	65 72 20 68 61 73 20 62 61 64 20 74 61 62 6c 65 
00013468	73 21 5c 6e 22 40 2f 53 6f 75 72 63 65 43 61 63 
00013478	68 65 2f 47 72 61 70 68 69 63 73 44 72 69 76 65 
00013488	72 73 2f 47 72 61 70 68 69 63 73 44 72 69 76 65 
00013498	72 73 2d 36 2e 33 36 2e 31 30 2f 43 6f 6d 6d 6f 
000134a8	6e 2f 49 4f 4e 44 52 56 2f 49 6e 74 65 6c 2f 49 
000134b8	6e 74 65 6c 49 6e 74 65 67 72 61 74 65 64 46 72 
000134c8	61 6d 65 62 75 66 66 65 72 2f 49 6e 74 65 6c 47 
000134d8	4d 41 58 33 31 30 30 46 42 5f 50 4d 2e 63 70 70 
000134e8	3a 31 31 37 35 00 00 00 2f 53 6f 75 72 63 65 43 
000134f8	61 63 68 65 2f 47 72 61 70 68 69 63 73 44 72 69 
00013508	76 65 72 73 2f 47 72 61 70 68 69 63 73 44 72 69 
00013518	76 65 72 73 2d 36 2e 33 36 2e 31 30 2f 43 6f 6d 
00013528	6d 6f 6e 2f 49 4f 4e 44 52 56 2f 49 6e 74 65 6c 
00013538	2f 49 6e 74 65 6c 49 6e 74 65 67 72 61 74 65 64 
00013548	46 72 61 6d 65 62 75 66 66 65 72 2f 49 6e 74 65 
00013558	6c 47 4d 41 58 33 31 30 30 46 42 5f 50 4d 2e 63 
00013568	70 70 00 00 22 25 73 3a 25 64 3a 20 43 6f 72 72 
00013578	75 70 74 65 64 20 54 61 62 6c 65 20 69 6e 20 49 
00013588	47 20 64 72 69 76 65 72 5c 6e 22 40 2f 53 6f 75 
00013598	72 63 65 43 61 63 68 65 2f 47 72 61 70 68 69 63 
000135a8	73 44 72 69 76 65 72 73 2f 47 72 61 70 68 69 63 
000135b8	73 44 72 69 76 65 72 73 2d 36 2e 33 36 2e 31 30 
000135c8	2f 43 6f 6d 6d 6f 6e 2f 49 4f 4e 44 52 56 2f 49 
000135d8	6e 74 65 6c 2f 49 6e 74 65 6c 49 6e 74 65 67 72 
000135e8	61 74 65 64 46 72 61 6d 65 62 75 66 66 65 72 2f 
000135f8	49 6e 74 65 6c 47 4d 41 58 33 31 30 30 46 42 5f 
00013608	50 4d 2e 63 70 70 3a 31 31 39 32 00 41 70 70 6c 
00013618	65 53 4d 43 00 00 00 00 40 28 23 29 50 52 4f 47 
00013628	52 41 4d 3a 41 70 70 6c 65 53 57 20 20 50 52 4f 
00013638	4a 45 43 54 3a 47 72 61 70 68 69 63 73 44 72 69 
00013648	76 65 72 73 20 20 44 45 56 45 4c 4f 50 45 52 3a 
00013658	62 65 72 65 74 74 61 20 20 42 55 49 4c 54 3a 4a 
00013668	75 6e 20 20 37 20 32 30 31 31 20 31 37 3a 30 36 
00013678	3a 34 39 0a 00 00 00 00 36 2e 33 2e 36 00 00 00 
