,[^_
,[^_
,[^_
,[^_
,[^_
TH(A;M
<[^_
TH(f
,[^_
,[^_
,[^_
,[^_
,[^_
;]u"
t;F$u
t;F$u
<[^_
,[^_
;]td;]
t7B;U
A0+P
<[^_
?;]t4
?;]t4
7;]t,
9Z\u
L[^_
,iU
0Kiu
&iE
,[^_
<[^_
,[^_
,[^_
,[^_
D$0
D$0
L[^_
A0+P
L[^_
u6iE
tr(
D$0
<[^_
,[^_
f!Dr
C0f!|P(
;FxuA
;Fxu)
;Fxu'
;Fxt
L[^_
\$1
,[^_
,[^_
9rxu
\[^_
<[^_
,[^_
,[^_
L[^_
L[^_
l[^_
9xxt#
;H\t~
9pxu
;Fxu
,[^_
L[^_
 9rxu
,[^_
9pxu
9pxt#
;H\tx
|[^_
PD9U
XH9]
D$!
9Xxu
<[^_
9xxt#
;H\tx
9pxu
9K\tH
9K\tW
,[^_
tyw"
,[^_
,[^_
f!|X
DS(B
GA9E
\[^_
Tr(!
Tp(f
L[^_
\[^_
 tpi
<[^_
,[^_
L[^_
 ug#
E(9E
9U(w
E u
}$;G
 txf
tY9}
B,svuy
A,yuv2
l[^_
t$1
<[^_
,[^_
D$,"
D$,"
D$,"
9~\u
u&;K
D$(
D$(
,[^_
<[^_
,[^_
,[^_
A|;P
TJ(!
D$(
u&;O
u&;K
t59Z$u
u&;O
V|;Z
u&;N
L[^_
u);J
u);J
\[^_
u);J
u);J
l[^_
9H(u
A(;B(u
,[^_
D$0
D$0
F(;C(u
D$0
U;S(t#s
9P(sm
;P(u
F(;B(u
A(;B(u
F(;C(u
G9Q
uI;s
,[^_
G9Q
uI;s
<[^_
uC;{
<[^_
VT+VL
Fd+F\9
VX+VP
Fh+F`1
,[^_
L[^_
u9s@s
G&f%
WX+WP
GL+GT
BP9BX
rT9rL
H\+]
\[^_
<[^_
VJf
C$f%
V0Jf
C0f%
G,kM
L[^_
@[^_
AHf%
AHf%
Af%
BB9E
L[^_
Ftf1
,[^_
,[^_
,[^_
9BDwJ
BHf;
<[^_
,[^_
l[^_
,[^_
|[^_
|[^_
|[^_
;U}F9
W%0:
W-0:
CH%
,[^_
~!9QPx
<[^_
<[^_
<[^_
<[^_
<[^_
<[^_
<[^_
<[^_
,[^_
,[^_
,[^_
<[^_
[^_
[^_
[^_
ZuDiE
uViE
t@kE
l[^_
FHf;
FHf;
\[^_
\[^_
\[^_
|[^_
t_r9
L[^_
,[^_
<[^_
,[^_
,[^_
,[^_
,[^_
L[^_
D$-
D$-
D$-
L[^_
BP+G
L[^_
BP+A
BP+A
AC;M
<[^_
<[^_
<[^_
BP+A
<[^_
<[^_
<[^_
<[^_
\[^_
BP+F
<[^_
]+C
BP+A
L[^_
[^_
\[^_
[^_
|$#
8[^_
w"s 
,[^_
,[^_
U,Jf
,[^_
;|0xu
\[^_
<[^_
<[^_
<[^_
L[^_
L[^_
]+C
<[^_
;B,u#
BX;B`~
BP;Bh}
BT;B\}
BL;Bd
ffff
,[^_
UiB
,[^_
,[^_
,[^_
<[^_
L[^_
L[^_
[^_
D$X"
D$X"
,[^_
Af;
CH%
D$X"
9E$r
BH+E
D$k
DH(!
fIu%
l[^_
DH(!
FH+E
[^_
< u
C\f%
  " 
[^_
[^_
,[^_
,[^_
\[^_
,[^_
D$(
D$(
BHf%
BHf%
L[^_
D$(
E;E
AB;M
L[^_
[^_
C;^r
C;^r
,[^_
@[^_
ffffffff
993ffffzA
ffffS
ffffffff
993ffffzA
ffffS
ffffffff
993ffffzA
ffffS
333333
ffffff
333333
ffffff
333333
ffffff
ffffffff
993ffffzA
ffffS
fffffff
fffffff
transfer buffer poorly linked
"%s"@/SourceCache/GraphicsDrivers/GraphicsDrivers-6.36.10/Common/GLKernel/IOVendorAccelerator.cpp:3436
transfer on list but not in GART
"%s"@/SourceCache/GraphicsDrivers/GraphicsDrivers-6.36.10/Common/GLKernel/IOVendorAccelerator.cpp:3439
IOUserClientCrossEndianCompatible
commandBytesPerSample
command2DBytesPerSample
commandGLBytesPerSample
commandDVDBytesPerSample
dataGLBytesPerSample
swapBytesPerSample
gartMapInBytesPerSample
gartMapOutBytesPerSample
texturePageInBytesPerSample
texturePageOutBytesPerSample
surfacePageInBytesPerSample
surfacePageOutBytesPerSample
IOSurfacePageInBytesPerSample
IOSurfacePageOutBytesPerSample
textureCount
dvdTextureCount
surfaceCount
context2DCount
contextGLCount
contextDVDCount
contextGLSwitchCount
context2DSwitchCount
contextDVDSwitchCount
bufferSwapCount
dataBufferCount
idctDataBufferCount
texturePageInWaitTime
texturePageOutWaitTime
textureWaitTime
hardwareWaitTime
hardwareSubmitWaitTime
clientGLWaitTime
freeCommandBuffer2DWaitTime
freeCommandBufferGLWaitTime
freeCommandBufferDVDWaitTime
freeDataBufferGLWaitTime
freeContextBuffer2DWaitTime
freeContextBufferGLWaitTime
freeContextBufferDVDWaitTime
freeSurfaceSwapBufferWaitTime
freeSurfaceBackingWaitTime
removeFromGARTWaitTime
swapComplete2DWaitTime
swapCompleteGLWaitTime
swapCompleteDVDWaitTime
finishAll2DWaitTime
finish2DWaitTime
finishGLWaitTime
finishDVDWaitTime
surfaceCopyInWaitTime
surfaceCopyOutWaitTime
surfaceReadLockIdleWaitTime
surfaceWriteLockIdleWaitTime
surfaceSetShapeIdleWaitTime
volatileSurfaceCount
gartUsedBytes
gartFreeBytes
gartSizeBytes
gartCacheBytes
submitStamp
lastReadStamp
width
height
surfaceType
IOCFPlugInTypes
IOAccelTypes
IOAccelIndex
IOAccelRevision
IOFramebuffer
IOSurfaceRoot
hw.cachelinesize
hw.memsize
GARTReclaimInterval
GARTReclaimTimeout
GARTCacheSize
PerformanceStatistics
SurfaceList
IOKitBuildVersion
IOKit Component Version %d.%d:
IOAGPCommandValue
IOATIR500Accelerator
IOAGPFlags
IOPCIExpressLinkStatus
Macmini1,1
iMac4,1
iMac4,2
MacBookPro1,1
MacBookPro1,2
IOATIR500GraphicsClient
IOATIR500GLContext
The graphics driver has detected a corruption in its command stream.
IOATIR5002DContext
IOATIR500DVDContext
IOATIR500Surface
IOATIR500Device
IOATIR500Shared
Attempting to delete iosurface texture not in list
"%s"@/SourceCache/GraphicsDrivers/GraphicsDrivers-6.36.10/Common/GLKernel/IOVendorShared.cpp:1584
"Multiple inheritance is not supported"@/System/Library/Frameworks/Kernel.framework/Headers/libkern/c++/OSMetaClass.h:324
Pool Stats: 
  num free blocks %3d for total 0x%4x pages 
  num busy blocks %3d for total 0x%4x pages 
  fragmentation = %2d%%, 
  percent free  = %2d%%
IOATIR500Tree
ATIR500Memory
KLOG is already initialized
ACCELERATOR
GLCTX
OCDCTX
2DCTX
SURFACE
SHARED
GART
FEDS
PM4CAP
LOCALPOOL_CMDBUF
HW_MEMORY
HW_REGISTERS
HW_RING
HW_DISPLAY
HW_UTIL
HW DMA Engine
STATE_MANAGER
ALIGNMENT_MANAGER
HW UVD Engine
HW Engine
HW PM4 Engine
HW SYNC
Hash Table
HW SPU Engine
PM4 CMD UTIL
LINKED LIST
HW VCE Engine
---------
CRITICAL
ERROR
WARNING
INFO1
INFO2
TRACE
DUMP
TEST2
UNKNOWN
ALWAYS
TEST1
Error on pad after submit
"%s"@/SourceCache/GraphicsDrivers/GraphicsDrivers-6.36.10/Common/GLKernel/ATI/R500/ATIR500_atomic_blt.cpp:550
built-in
IODMACommand
ATI_PCIe:startupPCIeGART() (findPCICapability(kIOPCIPCIExpressCapability) failed, IGNORING...)
GpuDebugPolicy
** GpuDebugPolicy value = 0x%08x
** ASIC Hang Log Start **
0x%08x %08x %08x %08x
0x%08x %08x %08x
%d:0x%08x
0x%08x
** ASIC Hang Log End **
** Debug option for Panic enabled - panic now...
"DBX_PANIC_AFTER_DUMPING_LOG"@/SourceCache/GraphicsDrivers/GraphicsDrivers-6.36.10/Common/GLKernel/ATI/R500/ATIR500_accelerator.cpp:9864
ATIRadeon::wait_for_rb_space: Overflowed block waiting for FIFO space.   Have %d, need %d. RBBM_STATUS 0x%08x
ERROR: VendorAccelerator::set_display_mode_and_vram() call to fFramebuffers[0].framebuffer->getCurrentDisplayMode() result:%X
ERROR: VendorAccelerator::set_display_mode_and_vram() call to fFramebuffers[0].framebuffer->getPixelInformation() result:%X
polling-period
sample-period
vramFreeBytes
AAPL,aux-power-connected
ATIRadeonX1000
ATI_PCIe:DumpPCIeGART() GART(%p)[%d] = 0x%08lx
REG> RBBM_STATUS = 0x%08X (%u)
REG> CP_STAT = 0x%08X (%u)
REG> CP_RB_BASE = 0x%08X (%u)
REG> CP_RB_CNTL = 0x%08X (%u)
REG> CP_RB_RPTR = 0x%08X (%u)
REG> CP_RB_WPTR = 0x%08X (%u)
REG> CP_IB2_BASE = 0x%08X (%u)
REG> CP_IB2_BUFSZ = 0x%08X (%u)
REG> CP_IB_BASE = 0x%08X (%u)
REG> CP_IB_BUFSZ = 0x%08X (%u)
REG> CP_CSQ_CNTL = 0x%08X (%u)
REG> CP_CSQ_MODE = 0x%08X (%u)
REG> CP_CSQ_AVAIL = 0x%08X (%u)
REG> CP_ME_CNTL = 0x%08X (%u)
REG> CP_DEBUG = 0x%08X (%u)
REG> CP_CSQ_STAT = 0x%08X (%u)
REG> VAP_CNTL = 0x%08X (%u)
REG> VAP_VF_CNTL = 0x%08X (%u)
REG> VAP_CNTL_STATUS = 0x%08X (%u)
REG> VAP_CLIP_CNTL = 0x%08X (%u)
ATIRadeon::submit_buffer: Overflowed block waiting for FIFO space.   Have %u, need %u. RBBM_STATUS 0x%08x
ATIFEDSInfo
"VRAMMap already exists for aperture"@/SourceCache/GraphicsDrivers/GraphicsDrivers-6.36.10/Common/GLKernel/ATI/R500/ATIR500_accelerator.cpp:2307
set_display_mode_and_vram failed
ATIEnableWideBlitSupport
ATIUseTearingWideBlit
ATIRadeonX1000GLDriver
IOGLBundleName
getSensorValue
AccelCaps
sensor-properties
ATIR500GLContext
ATIR5002DContext
ATIR500DVDContext
display-family
ATIR500Surface
ATIR500Device
ATIR500Shared
@(#)PROGRAM:ATIRadeonX1000  PROJECT:GraphicsDrivers  DEVELOPER:ATI  BUILT:Jun  7 2011 17:01:43
6.3.6
Undefined
JKUJ
gDJJ
uoRU
e}~J
:#J{
com.apple.ATIRadeonX1000
6.3.6
@zT=
@lV=
@lV=
@zT=
@zT=
@2T<
